<?xml version="1.0" encoding="UTF-8" ?>
<testsuite failures="0" time="2.804" errors="0" skipped="0" tests="30" name="uk.ac.ebi.BrainQueryTest">
  <properties>
[...]
</properties>
  <testcase time="0.372" classname="uk.ac.ebi.BrainQueryTest" name="getUnsatisfiableClasses"/>
  <testcase time="0.053" classname="uk.ac.ebi.BrainQueryTest" name="reStart"/>
  <testcase time="0.053" classname="uk.ac.ebi.BrainQueryTest" name="owlProfileTest"/>
  <testcase time="0.034" classname="uk.ac.ebi.BrainQueryTest" name="classifyTest"/>
  <testcase time="0.028" classname="uk.ac.ebi.BrainQueryTest" name="getDirectSubClassesTest"/>
  <testcase time="0.028" classname="uk.ac.ebi.BrainQueryTest" name="getIndirectSubClassesTest"/>
  <testcase time="0.041" classname="uk.ac.ebi.BrainQueryTest" name="getDirectAnonymousSubClassesTest"/>
  <testcase time="0.038" classname="uk.ac.ebi.BrainQueryTest" name="getIndirectAnonymousSubClassesTest"/>
  <testcase time="0.026" classname="uk.ac.ebi.BrainQueryTest" name="getAnonymousClassesNewOntology"/>
  <testcase time="0.016" classname="uk.ac.ebi.BrainQueryTest" name="getAnonymousClassesErrorNewOntology"/>
  <testcase time="0.024" classname="uk.ac.ebi.BrainQueryTest" name="getSuperClassesTest"/>
  <testcase time="0.039" classname="uk.ac.ebi.BrainQueryTest" name="getEquivalentClassesTest"/>
  <testcase time="0.035" classname="uk.ac.ebi.BrainQueryTest" name="errorsWhenQueryingForLabel"/>
  <testcase time="0.033" classname="uk.ac.ebi.BrainQueryTest" name="getSubClassesFromLabelTest"/>
  <testcase time="0.023" classname="uk.ac.ebi.BrainQueryTest" name="getFromSpaceSeparatedLabels"/>
  <testcase time="0.029" classname="uk.ac.ebi.BrainQueryTest" name="getSuperClassesFromLabelTest"/>
  <testcase time="0.024" classname="uk.ac.ebi.BrainQueryTest" name="getEquivalentClassesFromLabelTest"/>
  <testcase time="0.026" classname="uk.ac.ebi.BrainQueryTest" name="getEquivalentAnonClassesTest"/>
  <testcase time="0.037" classname="uk.ac.ebi.BrainQueryTest" name="isSubClassTest"/>
  <testcase time="0.033" classname="uk.ac.ebi.BrainQueryTest" name="isSuperClassTest"/>
  <testcase time="0.018" classname="uk.ac.ebi.BrainQueryTest" name="knowsTest"/>
  <testcase time="0.019" classname="uk.ac.ebi.BrainQueryTest" name="getLabelTest"/>
  <testcase time="0.052" classname="uk.ac.ebi.BrainQueryTest" name="learnFromLocalFile"/>
  <testcase time="0.026" classname="uk.ac.ebi.BrainQueryTest" name="learnSupportsIdenticalIRIs"/>
  <testcase time="0.028" classname="uk.ac.ebi.BrainQueryTest" name="learnSupportsIdenticalIRIsButNotForDifferentTypes"/>
  <testcase time="1.59" classname="uk.ac.ebi.BrainQueryTest" name="learnOntologyFromTheWeb"/>
  <testcase time="0.017" classname="uk.ac.ebi.BrainQueryTest" name="learnFromOtherBrainTest"/>
  <testcase time="0.016" classname="uk.ac.ebi.BrainQueryTest" name="learnFromOtherBrainErrorTest"/>
  <testcase time="0.012" classname="uk.ac.ebi.BrainQueryTest" name="getTopClass"/>
  <testcase time="0.029" classname="uk.ac.ebi.BrainQueryTest" name="getUnstatisfiableClasses"/>
</testsuite>