<?xml version="1.0" encoding="UTF-8" ?>
<testsuite failures="0" time="3.17" errors="0" skipped="0" tests="18" name="uk.ac.ebi.BrainQueryTest">
  <properties>
[...]
</properties>
  <testcase time="0.376" classname="uk.ac.ebi.BrainQueryTest" name="reStart"/>
  <testcase time="0.041" classname="uk.ac.ebi.BrainQueryTest" name="owlProfileTest"/>
  <testcase time="0.031" classname="uk.ac.ebi.BrainQueryTest" name="classifyTest"/>
  <testcase time="0.029" classname="uk.ac.ebi.BrainQueryTest" name="getDirectSubClassesTest"/>
  <testcase time="0.031" classname="uk.ac.ebi.BrainQueryTest" name="getIndirectSubClassesTest"/>
  <testcase time="0.032" classname="uk.ac.ebi.BrainQueryTest" name="getDirectAnonymousSubClassesTest"/>
  <testcase time="0.031" classname="uk.ac.ebi.BrainQueryTest" name="getIndirectAnonymousSubClassesTest"/>
  <testcase time="0.023" classname="uk.ac.ebi.BrainQueryTest" name="getAnonymousClassesNewOntology"/>
  <testcase time="0.022" classname="uk.ac.ebi.BrainQueryTest" name="getSuperClassesTest"/>
  <testcase time="0.024" classname="uk.ac.ebi.BrainQueryTest" name="getEquivalentClassesTest"/>
  <testcase time="0.035" classname="uk.ac.ebi.BrainQueryTest" name="getEquivalentAnonClassesTest"/>
  <testcase time="0.051" classname="uk.ac.ebi.BrainQueryTest" name="isSubClassTest"/>
  <testcase time="0.036" classname="uk.ac.ebi.BrainQueryTest" name="isSuperClassTest"/>
  <testcase time="0.018" classname="uk.ac.ebi.BrainQueryTest" name="getLabelTest"/>
  <testcase time="0.02" classname="uk.ac.ebi.BrainQueryTest" name="learnFromLocalFile"/>
  <testcase time="2.311" classname="uk.ac.ebi.BrainQueryTest" name="learnOntologyFromTheWeb"/>
  <testcase time="0.015" classname="uk.ac.ebi.BrainQueryTest" name="getTopClass"/>
  <testcase time="0.036" classname="uk.ac.ebi.BrainQueryTest" name="getUnstatisfiableClasses"/>
</testsuite>